[0.077s] DEBUG:colcon:Command line arguments: ['/usr/bin/colcon', 'build', '--symlink-install']
[0.077s] DEBUG:colcon:Parsed command line arguments: Namespace(log_base=None, log_level=None, verb_name='build', build_base='build', install_base='install', merge_install=False, symlink_install=True, test_result_base=None, continue_on_error=False, executor='parallel', parallel_workers=8, event_handlers=None, ignore_user_meta=False, metas=['./colcon.meta'], base_paths=['.'], packages_ignore=None, packages_ignore_regex=None, paths=None, packages_up_to=None, packages_up_to_regex=None, packages_above=None, packages_above_and_dependencies=None, packages_above_depth=None, packages_select_by_dep=None, packages_skip_by_dep=None, packages_skip_up_to=None, packages_select_build_failed=False, packages_skip_build_finished=False, packages_select_test_failures=False, packages_skip_test_passed=False, packages_select=None, packages_skip=None, packages_select_regex=None, packages_skip_regex=None, packages_start=None, packages_end=None, allow_overriding=[], cmake_args=None, cmake_target=None, cmake_target_skip_unavailable=False, cmake_clean_cache=False, cmake_clean_first=False, cmake_force_configure=False, ament_cmake_args=None, catkin_cmake_args=None, catkin_skip_building_tests=False, mixin_files=None, mixin=None, verb_parser=<colcon_mixin.mixin.mixin_argument.MixinArgumentDecorator object at 0x7226328d5a50>, verb_extension=<colcon_core.verb.build.BuildVerb object at 0x7226328d55a0>, main=<bound method BuildVerb.main of <colcon_core.verb.build.BuildVerb object at 0x7226328d55a0>>, mixin_verb=('build',))
[0.178s] Level 1:colcon.colcon_core.package_discovery:discover_packages(colcon_meta) check parameters
[0.179s] Level 1:colcon.colcon_core.package_discovery:discover_packages(recursive) check parameters
[0.179s] Level 1:colcon.colcon_core.package_discovery:discover_packages(ignore) check parameters
[0.179s] Level 1:colcon.colcon_core.package_discovery:discover_packages(path) check parameters
[0.179s] Level 1:colcon.colcon_core.package_discovery:discover_packages(colcon_meta) discover
[0.179s] Level 1:colcon.colcon_core.package_discovery:discover_packages(recursive) discover
[0.179s] INFO:colcon.colcon_core.package_discovery:Crawling recursively for packages in '/home/robot/ws_urdf'
[0.179s] Level 1:colcon.colcon_core.package_identification:_identify(.) by extensions ['ignore', 'ignore_ament_install']
[0.179s] Level 1:colcon.colcon_core.package_identification:_identify(.) by extension 'ignore'
[0.179s] Level 1:colcon.colcon_core.package_identification:_identify(.) by extension 'ignore_ament_install'
[0.179s] Level 1:colcon.colcon_core.package_identification:_identify(.) by extensions ['colcon_pkg']
[0.179s] Level 1:colcon.colcon_core.package_identification:_identify(.) by extension 'colcon_pkg'
[0.179s] Level 1:colcon.colcon_core.package_identification:_identify(.) by extensions ['colcon_meta']
[0.179s] Level 1:colcon.colcon_core.package_identification:_identify(.) by extension 'colcon_meta'
[0.179s] Level 1:colcon.colcon_core.package_identification:_identify(.) by extensions ['ros']
[0.179s] Level 1:colcon.colcon_core.package_identification:_identify(.) by extension 'ros'
[0.186s] Level 1:colcon.colcon_core.package_identification:_identify(.) by extensions ['cmake', 'python']
[0.186s] Level 1:colcon.colcon_core.package_identification:_identify(.) by extension 'cmake'
[0.186s] Level 1:colcon.colcon_core.package_identification:_identify(.) by extension 'python'
[0.186s] Level 1:colcon.colcon_core.package_identification:_identify(.) by extensions ['python_setup_py']
[0.186s] Level 1:colcon.colcon_core.package_identification:_identify(.) by extension 'python_setup_py'
[0.186s] Level 1:colcon.colcon_core.package_identification:_identify(build) by extensions ['ignore', 'ignore_ament_install']
[0.186s] Level 1:colcon.colcon_core.package_identification:_identify(build) by extension 'ignore'
[0.186s] Level 1:colcon.colcon_core.package_identification:_identify(build) ignored
[0.186s] Level 1:colcon.colcon_core.package_identification:_identify(config) by extensions ['ignore', 'ignore_ament_install']
[0.186s] Level 1:colcon.colcon_core.package_identification:_identify(config) by extension 'ignore'
[0.186s] Level 1:colcon.colcon_core.package_identification:_identify(config) by extension 'ignore_ament_install'
[0.186s] Level 1:colcon.colcon_core.package_identification:_identify(config) by extensions ['colcon_pkg']
[0.186s] Level 1:colcon.colcon_core.package_identification:_identify(config) by extension 'colcon_pkg'
[0.186s] Level 1:colcon.colcon_core.package_identification:_identify(config) by extensions ['colcon_meta']
[0.186s] Level 1:colcon.colcon_core.package_identification:_identify(config) by extension 'colcon_meta'
[0.186s] Level 1:colcon.colcon_core.package_identification:_identify(config) by extensions ['ros']
[0.186s] Level 1:colcon.colcon_core.package_identification:_identify(config) by extension 'ros'
[0.186s] Level 1:colcon.colcon_core.package_identification:_identify(config) by extensions ['cmake', 'python']
[0.186s] Level 1:colcon.colcon_core.package_identification:_identify(config) by extension 'cmake'
[0.186s] Level 1:colcon.colcon_core.package_identification:_identify(config) by extension 'python'
[0.186s] Level 1:colcon.colcon_core.package_identification:_identify(config) by extensions ['python_setup_py']
[0.186s] Level 1:colcon.colcon_core.package_identification:_identify(config) by extension 'python_setup_py'
[0.187s] Level 1:colcon.colcon_core.package_identification:_identify(install) by extensions ['ignore', 'ignore_ament_install']
[0.187s] Level 1:colcon.colcon_core.package_identification:_identify(install) by extension 'ignore'
[0.187s] Level 1:colcon.colcon_core.package_identification:_identify(install) ignored
[0.187s] Level 1:colcon.colcon_core.package_identification:_identify(log) by extensions ['ignore', 'ignore_ament_install']
[0.187s] Level 1:colcon.colcon_core.package_identification:_identify(log) by extension 'ignore'
[0.187s] Level 1:colcon.colcon_core.package_identification:_identify(log) ignored
[0.187s] Level 1:colcon.colcon_core.package_identification:_identify(src) by extensions ['ignore', 'ignore_ament_install']
[0.187s] Level 1:colcon.colcon_core.package_identification:_identify(src) by extension 'ignore'
[0.187s] Level 1:colcon.colcon_core.package_identification:_identify(src) by extension 'ignore_ament_install'
[0.187s] Level 1:colcon.colcon_core.package_identification:_identify(src) by extensions ['colcon_pkg']
[0.187s] Level 1:colcon.colcon_core.package_identification:_identify(src) by extension 'colcon_pkg'
[0.187s] Level 1:colcon.colcon_core.package_identification:_identify(src) by extensions ['colcon_meta']
[0.187s] Level 1:colcon.colcon_core.package_identification:_identify(src) by extension 'colcon_meta'
[0.187s] Level 1:colcon.colcon_core.package_identification:_identify(src) by extensions ['ros']
[0.187s] Level 1:colcon.colcon_core.package_identification:_identify(src) by extension 'ros'
[0.187s] Level 1:colcon.colcon_core.package_identification:_identify(src) by extensions ['cmake', 'python']
[0.187s] Level 1:colcon.colcon_core.package_identification:_identify(src) by extension 'cmake'
[0.187s] Level 1:colcon.colcon_core.package_identification:_identify(src) by extension 'python'
[0.187s] Level 1:colcon.colcon_core.package_identification:_identify(src) by extensions ['python_setup_py']
[0.187s] Level 1:colcon.colcon_core.package_identification:_identify(src) by extension 'python_setup_py'
[0.187s] Level 1:colcon.colcon_core.package_identification:_identify(src/urdf_test) by extensions ['ignore', 'ignore_ament_install']
[0.187s] Level 1:colcon.colcon_core.package_identification:_identify(src/urdf_test) by extension 'ignore'
[0.187s] Level 1:colcon.colcon_core.package_identification:_identify(src/urdf_test) by extension 'ignore_ament_install'
[0.187s] Level 1:colcon.colcon_core.package_identification:_identify(src/urdf_test) by extensions ['colcon_pkg']
[0.187s] Level 1:colcon.colcon_core.package_identification:_identify(src/urdf_test) by extension 'colcon_pkg'
[0.187s] Level 1:colcon.colcon_core.package_identification:_identify(src/urdf_test) by extensions ['colcon_meta']
[0.187s] Level 1:colcon.colcon_core.package_identification:_identify(src/urdf_test) by extension 'colcon_meta'
[0.187s] Level 1:colcon.colcon_core.package_identification:_identify(src/urdf_test) by extensions ['ros']
[0.187s] Level 1:colcon.colcon_core.package_identification:_identify(src/urdf_test) by extension 'ros'
[0.189s] DEBUG:colcon.colcon_core.package_identification:Package 'src/urdf_test' with type 'ros.ament_cmake' and name 'urdf_test'
[0.189s] Level 1:colcon.colcon_core.package_discovery:discover_packages(recursive) using defaults
[0.189s] Level 1:colcon.colcon_core.package_discovery:discover_packages(ignore) discover
[0.189s] Level 1:colcon.colcon_core.package_discovery:discover_packages(ignore) using defaults
[0.189s] Level 1:colcon.colcon_core.package_discovery:discover_packages(path) discover
[0.189s] Level 1:colcon.colcon_core.package_discovery:discover_packages(path) using defaults
[0.201s] Level 1:colcon.colcon_core.package_discovery:discover_packages(prefix_path) check parameters
[0.201s] Level 1:colcon.colcon_core.package_discovery:discover_packages(prefix_path) discover
[0.202s] WARNING:colcon.colcon_ros.prefix_path.ament:The path '/home/robot/ws_arm/install/car_tutorial' in the environment variable AMENT_PREFIX_PATH doesn't exist
[0.203s] DEBUG:colcon.colcon_installed_package_information.package_discovery:Found 1 installed packages in /home/robot/ws_urdf/install
[0.203s] DEBUG:colcon.colcon_installed_package_information.package_discovery:Found 2 installed packages in /home/robot/ws_arm/install
[0.203s] DEBUG:colcon.colcon_installed_package_information.package_discovery:Found 2 installed packages in /home/robot/ws_car/install
[0.204s] DEBUG:colcon.colcon_installed_package_information.package_discovery:Found 1 installed packages in /root/ws_urdf/install
[0.204s] DEBUG:colcon.colcon_installed_package_information.package_discovery:Found 9 installed packages in /root/monicar2_ws/install
[0.204s] DEBUG:colcon.colcon_installed_package_information.package_discovery:Found 15 installed packages in /root/turtlebot3_ws/install
[0.205s] DEBUG:colcon.colcon_installed_package_information.package_discovery:Found 3 installed packages in /home/robot/robotis_ws/install
[0.205s] DEBUG:colcon.colcon_installed_package_information.package_discovery:Found 1 installed packages in /root/ws_robot/install
[0.206s] DEBUG:colcon.colcon_installed_package_information.package_discovery:Found 451 installed packages in /opt/ros/humble
[0.208s] Level 1:colcon.colcon_core.package_discovery:discover_packages(prefix_path) using defaults
[0.249s] Level 5:colcon.colcon_core.verb:set package 'urdf_test' build argument 'cmake_args' from command line to 'None'
[0.249s] Level 5:colcon.colcon_core.verb:set package 'urdf_test' build argument 'cmake_target' from command line to 'None'
[0.249s] Level 5:colcon.colcon_core.verb:set package 'urdf_test' build argument 'cmake_target_skip_unavailable' from command line to 'False'
[0.249s] Level 5:colcon.colcon_core.verb:set package 'urdf_test' build argument 'cmake_clean_cache' from command line to 'False'
[0.249s] Level 5:colcon.colcon_core.verb:set package 'urdf_test' build argument 'cmake_clean_first' from command line to 'False'
[0.249s] Level 5:colcon.colcon_core.verb:set package 'urdf_test' build argument 'cmake_force_configure' from command line to 'False'
[0.249s] Level 5:colcon.colcon_core.verb:set package 'urdf_test' build argument 'ament_cmake_args' from command line to 'None'
[0.249s] Level 5:colcon.colcon_core.verb:set package 'urdf_test' build argument 'catkin_cmake_args' from command line to 'None'
[0.249s] Level 5:colcon.colcon_core.verb:set package 'urdf_test' build argument 'catkin_skip_building_tests' from command line to 'False'
[0.249s] DEBUG:colcon.colcon_core.verb:Building package 'urdf_test' with the following arguments: {'ament_cmake_args': None, 'build_base': '/home/robot/ws_urdf/build/urdf_test', 'catkin_cmake_args': None, 'catkin_skip_building_tests': False, 'cmake_args': None, 'cmake_clean_cache': False, 'cmake_clean_first': False, 'cmake_force_configure': False, 'cmake_target': None, 'cmake_target_skip_unavailable': False, 'install_base': '/home/robot/ws_urdf/install/urdf_test', 'merge_install': False, 'path': '/home/robot/ws_urdf/src/urdf_test', 'symlink_install': True, 'test_result_base': None}
[0.249s] INFO:colcon.colcon_core.executor:Executing jobs using 'parallel' executor
[0.250s] DEBUG:colcon.colcon_parallel_executor.executor.parallel:run_until_complete
[0.250s] INFO:colcon.colcon_ros.task.ament_cmake.build:Building ROS package in '/home/robot/ws_urdf/src/urdf_test' with build type 'ament_cmake'
[0.250s] INFO:colcon.colcon_cmake.task.cmake.build:Building CMake package in '/home/robot/ws_urdf/src/urdf_test'
[0.252s] INFO:colcon.colcon_core.plugin_system:Skipping extension 'colcon_core.shell.bat': Not used on non-Windows systems
[0.252s] INFO:colcon.colcon_core.shell:Skip shell extension 'powershell' for command environment: Not usable outside of PowerShell
[0.252s] DEBUG:colcon.colcon_core.shell:Skip shell extension 'dsv' for command environment
[0.261s] DEBUG:colcon.colcon_core.event_handler.log_command:Invoking command in '/home/robot/ws_urdf/build/urdf_test': CMAKE_PREFIX_PATH=${CMAKE_PREFIX_PATH}:/home/robot/ws_arm/install/car_tutorial:/home/robot/ws_arm/install/arm_tutorial:/home/robot/ws_car/install/car_tutorial:/root/turtlebot3_ws/install/turtlebot3_teleop:/root/turtlebot3_ws/install/turtlebot3_example:/root/monicar2_ws/install/monicar2_teleop:/root/monicar2_ws/install/monicar2_localization:/root/monicar2_ws/install/monicar2_imuconverter:/root/monicar2_ws/install/monicar2_bringup:/root/ws_robot/install/urdf_tutorial:/opt/ros/humble /usr/bin/cmake --build /home/robot/ws_urdf/build/urdf_test -- -j8 -l8
[0.289s] DEBUG:colcon.colcon_core.event_handler.log_command:Invoked command in '/home/robot/ws_urdf/build/urdf_test' returned '0': CMAKE_PREFIX_PATH=${CMAKE_PREFIX_PATH}:/home/robot/ws_arm/install/car_tutorial:/home/robot/ws_arm/install/arm_tutorial:/home/robot/ws_car/install/car_tutorial:/root/turtlebot3_ws/install/turtlebot3_teleop:/root/turtlebot3_ws/install/turtlebot3_example:/root/monicar2_ws/install/monicar2_teleop:/root/monicar2_ws/install/monicar2_localization:/root/monicar2_ws/install/monicar2_imuconverter:/root/monicar2_ws/install/monicar2_bringup:/root/ws_robot/install/urdf_tutorial:/opt/ros/humble /usr/bin/cmake --build /home/robot/ws_urdf/build/urdf_test -- -j8 -l8
[0.313s] DEBUG:colcon.colcon_core.event_handler.log_command:Invoking command in '/home/robot/ws_urdf/build/urdf_test': CMAKE_PREFIX_PATH=${CMAKE_PREFIX_PATH}:/home/robot/ws_arm/install/car_tutorial:/home/robot/ws_arm/install/arm_tutorial:/home/robot/ws_car/install/car_tutorial:/root/turtlebot3_ws/install/turtlebot3_teleop:/root/turtlebot3_ws/install/turtlebot3_example:/root/monicar2_ws/install/monicar2_teleop:/root/monicar2_ws/install/monicar2_localization:/root/monicar2_ws/install/monicar2_imuconverter:/root/monicar2_ws/install/monicar2_bringup:/root/ws_robot/install/urdf_tutorial:/opt/ros/humble /usr/bin/cmake --install /home/robot/ws_urdf/build/urdf_test
[0.328s] Level 1:colcon.colcon_core.environment:create_environment_scripts_only(urdf_test)
[0.328s] DEBUG:colcon.colcon_core.event_handler.log_command:Invoked command in '/home/robot/ws_urdf/build/urdf_test' returned '0': CMAKE_PREFIX_PATH=${CMAKE_PREFIX_PATH}:/home/robot/ws_arm/install/car_tutorial:/home/robot/ws_arm/install/arm_tutorial:/home/robot/ws_car/install/car_tutorial:/root/turtlebot3_ws/install/turtlebot3_teleop:/root/turtlebot3_ws/install/turtlebot3_example:/root/monicar2_ws/install/monicar2_teleop:/root/monicar2_ws/install/monicar2_localization:/root/monicar2_ws/install/monicar2_imuconverter:/root/monicar2_ws/install/monicar2_bringup:/root/ws_robot/install/urdf_tutorial:/opt/ros/humble /usr/bin/cmake --install /home/robot/ws_urdf/build/urdf_test
[0.330s] Level 1:colcon.colcon_core.environment:checking '/home/robot/ws_urdf/install/urdf_test' for CMake module files
[0.330s] Level 1:colcon.colcon_core.environment:checking '/home/robot/ws_urdf/install/urdf_test' for CMake config files
[0.330s] Level 1:colcon.colcon_core.shell:create_environment_hook('urdf_test', 'cmake_prefix_path')
[0.330s] INFO:colcon.colcon_core.shell:Creating environment hook '/home/robot/ws_urdf/install/urdf_test/share/urdf_test/hook/cmake_prefix_path.ps1'
[0.331s] INFO:colcon.colcon_core.shell:Creating environment descriptor '/home/robot/ws_urdf/install/urdf_test/share/urdf_test/hook/cmake_prefix_path.dsv'
[0.331s] INFO:colcon.colcon_core.shell:Creating environment hook '/home/robot/ws_urdf/install/urdf_test/share/urdf_test/hook/cmake_prefix_path.sh'
[0.332s] Level 1:colcon.colcon_core.environment:checking '/home/robot/ws_urdf/install/urdf_test/bin'
[0.332s] Level 1:colcon.colcon_core.environment:checking '/home/robot/ws_urdf/install/urdf_test/lib/pkgconfig/urdf_test.pc'
[0.332s] Level 1:colcon.colcon_core.environment:checking '/home/robot/ws_urdf/install/urdf_test/lib/python3.10/site-packages'
[0.332s] Level 1:colcon.colcon_core.environment:checking '/home/robot/ws_urdf/install/urdf_test/bin'
[0.332s] INFO:colcon.colcon_core.shell:Creating package script '/home/robot/ws_urdf/install/urdf_test/share/urdf_test/package.ps1'
[0.333s] INFO:colcon.colcon_core.shell:Creating package descriptor '/home/robot/ws_urdf/install/urdf_test/share/urdf_test/package.dsv'
[0.333s] INFO:colcon.colcon_core.shell:Creating package script '/home/robot/ws_urdf/install/urdf_test/share/urdf_test/package.sh'
[0.334s] INFO:colcon.colcon_core.shell:Creating package script '/home/robot/ws_urdf/install/urdf_test/share/urdf_test/package.bash'
[0.334s] INFO:colcon.colcon_core.shell:Creating package script '/home/robot/ws_urdf/install/urdf_test/share/urdf_test/package.zsh'
[0.335s] Level 1:colcon.colcon_core.environment:create_file_with_runtime_dependencies(/home/robot/ws_urdf/install/urdf_test/share/colcon-core/packages/urdf_test)
[0.353s] Level 1:colcon.colcon_core.environment:create_environment_scripts_only(urdf_test)
[0.353s] Level 1:colcon.colcon_core.environment:checking '/home/robot/ws_urdf/install/urdf_test' for CMake module files
[0.353s] Level 1:colcon.colcon_core.environment:checking '/home/robot/ws_urdf/install/urdf_test' for CMake config files
[0.353s] Level 1:colcon.colcon_core.shell:create_environment_hook('urdf_test', 'cmake_prefix_path')
[0.354s] INFO:colcon.colcon_core.shell:Creating environment hook '/home/robot/ws_urdf/install/urdf_test/share/urdf_test/hook/cmake_prefix_path.ps1'
[0.354s] INFO:colcon.colcon_core.shell:Creating environment descriptor '/home/robot/ws_urdf/install/urdf_test/share/urdf_test/hook/cmake_prefix_path.dsv'
[0.354s] INFO:colcon.colcon_core.shell:Creating environment hook '/home/robot/ws_urdf/install/urdf_test/share/urdf_test/hook/cmake_prefix_path.sh'
[0.355s] Level 1:colcon.colcon_core.environment:checking '/home/robot/ws_urdf/install/urdf_test/bin'
[0.355s] Level 1:colcon.colcon_core.environment:checking '/home/robot/ws_urdf/install/urdf_test/lib/pkgconfig/urdf_test.pc'
[0.355s] Level 1:colcon.colcon_core.environment:checking '/home/robot/ws_urdf/install/urdf_test/lib/python3.10/site-packages'
[0.355s] Level 1:colcon.colcon_core.environment:checking '/home/robot/ws_urdf/install/urdf_test/bin'
[0.355s] INFO:colcon.colcon_core.shell:Creating package script '/home/robot/ws_urdf/install/urdf_test/share/urdf_test/package.ps1'
[0.356s] INFO:colcon.colcon_core.shell:Creating package descriptor '/home/robot/ws_urdf/install/urdf_test/share/urdf_test/package.dsv'
[0.356s] INFO:colcon.colcon_core.shell:Creating package script '/home/robot/ws_urdf/install/urdf_test/share/urdf_test/package.sh'
[0.356s] INFO:colcon.colcon_core.shell:Creating package script '/home/robot/ws_urdf/install/urdf_test/share/urdf_test/package.bash'
[0.356s] INFO:colcon.colcon_core.shell:Creating package script '/home/robot/ws_urdf/install/urdf_test/share/urdf_test/package.zsh'
[0.357s] Level 1:colcon.colcon_core.environment:create_file_with_runtime_dependencies(/home/robot/ws_urdf/install/urdf_test/share/colcon-core/packages/urdf_test)
[0.357s] DEBUG:colcon.colcon_parallel_executor.executor.parallel:closing loop
[0.357s] DEBUG:colcon.colcon_parallel_executor.executor.parallel:loop closed
[0.357s] DEBUG:colcon.colcon_parallel_executor.executor.parallel:run_until_complete finished with '0'
[0.357s] DEBUG:colcon.colcon_core.event_reactor:joining thread
[0.361s] INFO:colcon.colcon_core.plugin_system:Skipping extension 'colcon_notification.desktop_notification.terminal_notifier': Not used on non-Darwin systems
[0.361s] INFO:colcon.colcon_core.plugin_system:Skipping extension 'colcon_notification.desktop_notification.win32': Not used on non-Windows systems
[0.361s] INFO:colcon.colcon_notification.desktop_notification:Sending desktop notification using 'notify2'
[0.361s] DEBUG:colcon.colcon_notification.desktop_notification.notify2:Failed to initialize notify2: org.freedesktop.DBus.Error.NoReply: Did not receive a reply. Possible causes include: the remote application did not send a reply, the message bus security policy blocked the reply, the reply timeout expired, or the network connection was broken.
[0.361s] DEBUG:colcon.colcon_core.event_reactor:joined thread
[0.361s] INFO:colcon.colcon_core.shell:Creating prefix script '/home/robot/ws_urdf/install/local_setup.ps1'
[0.362s] INFO:colcon.colcon_core.shell:Creating prefix util module '/home/robot/ws_urdf/install/_local_setup_util_ps1.py'
[0.363s] INFO:colcon.colcon_core.shell:Creating prefix chain script '/home/robot/ws_urdf/install/setup.ps1'
[0.364s] INFO:colcon.colcon_core.shell:Creating prefix script '/home/robot/ws_urdf/install/local_setup.sh'
[0.365s] INFO:colcon.colcon_core.shell:Creating prefix util module '/home/robot/ws_urdf/install/_local_setup_util_sh.py'
[0.365s] INFO:colcon.colcon_core.shell:Creating prefix chain script '/home/robot/ws_urdf/install/setup.sh'
[0.366s] INFO:colcon.colcon_core.shell:Creating prefix script '/home/robot/ws_urdf/install/local_setup.bash'
[0.367s] INFO:colcon.colcon_core.shell:Creating prefix chain script '/home/robot/ws_urdf/install/setup.bash'
[0.368s] INFO:colcon.colcon_core.shell:Creating prefix script '/home/robot/ws_urdf/install/local_setup.zsh'
[0.368s] INFO:colcon.colcon_core.shell:Creating prefix chain script '/home/robot/ws_urdf/install/setup.zsh'
